<?xml version="1.0" encoding="UTF-8"?>
<!-- Generated by org.testng.reporters.JUnitReportReporter -->
<testsuite hostname="Adityas-MacBook-Pro.local" failures="0" tests="2" name="com.TestCase.LoginPage_TestCases" time="4.936" errors="0" timestamp="2025-04-01T18:09:48 IST" skipped="0">
  <testcase classname="com.TestCase.LoginPage_TestCases" name="TestinvalidCreds" time="1.730"/>
  <testcase classname="com.TestCase.LoginPage_TestCases" name="TestValidCreds" time="3.206"/>
</testsuite> <!-- com.TestCase.LoginPage_TestCases -->
